<?xml version="1.0" encoding="UTF-8"?>
<testsuite name="BikeSharingTest" tests="2" skipped="0" failures="0" errors="0" timestamp="2018-11-14T16:17:54" hostname="DESKTOP-U8IOL9D" time="0.032">
  <properties/>
  <testcase name="registerUser_Add()" classname="BikeSharingTest" time="0.027"/>
  <testcase name="registerUser_AlreadyExist()" classname="BikeSharingTest" time="0.004"/>
  <system-out><![CDATA[]]></system-out>
  <system-err><![CDATA[]]></system-err>
</testsuite>
