<?xml version="1.0" encoding="UTF-8"?>
<testsuite name="BikeSharingTest" tests="1" skipped="0" failures="0" errors="0" timestamp="2018-11-18T19:17:48" hostname="DESKTOP-U8IOL9D" time="0.015">
  <properties/>
  <testcase name="testId_RB6()" classname="BikeSharingTest" time="0.015"/>
  <system-out><![CDATA[]]></system-out>
  <system-err><![CDATA[]]></system-err>
</testsuite>
